#
# There is insufficient memory for the Java Runtime Environment to continue.
# Native memory allocation (mmap) failed to map 17825792 bytes. Error detail: G1 virtual space
# Possible reasons:
#   The system is out of physical RAM or swap space
#   This process is running with CompressedOops enabled, and the Java Heap may be blocking the growth of the native heap
# Possible solutions:
#   Reduce memory load on the system
#   Increase physical memory or swap space
#   Check if swap backing store is full
#   Decrease Java heap size (-Xmx/-Xms)
#   Decrease number of Java threads
#   Decrease Java thread stack sizes (-Xss)
#   Set larger code cache with -XX:ReservedCodeCacheSize=
#   JVM is running with Unscaled Compressed Oops mode in which the Java heap is
#     placed in the first 4GB address space. The Java Heap base address is the
#     maximum limit for the native heap growth. Please use -XX:HeapBaseMinAddress
#     to set the Java Heap base and to place the Java Heap above 4GB virtual address.
# This output file may be truncated or incomplete.
#
#  Out of Memory Error (os_windows.cpp:3828), pid=19276, tid=3324
#
# JRE version: OpenJDK Runtime Environment (21.0.5) (build 21.0.5+-13047016-b750.29)
# Java VM: OpenJDK 64-Bit Server VM (21.0.5+-13047016-b750.29, mixed mode, tiered, compressed oops, compressed class ptrs, g1 gc, windows-amd64)
# No core dump will be written. Minidumps are not enabled by default on client versions of Windows
#

---------------  S U M M A R Y ------------

Command Line: --add-opens=java.base/java.util=ALL-UNNAMED --add-opens=java.base/java.lang=ALL-UNNAMED --add-opens=java.base/java.lang.invoke=ALL-UNNAMED --add-opens=java.prefs/java.util.prefs=ALL-UNNAMED --add-exports=jdk.compiler/com.sun.tools.javac.api=ALL-UNNAMED --add-exports=jdk.compiler/com.sun.tools.javac.util=ALL-UNNAMED --add-opens=java.base/java.nio.charset=ALL-UNNAMED --add-opens=java.base/java.net=ALL-UNNAMED --add-opens=java.base/java.util.concurrent.atomic=ALL-UNNAMED -Xmx2048m -Dfile.encoding=UTF-8 -Duser.country=RU -Duser.language=ru -Duser.variant -javaagent:C:\Users\HDMI\.gradle\wrapper\dists\gradle-8.10.2-bin\a04bxjujx95o3nb99gddekhwo\gradle-8.10.2\lib\agents\gradle-instrumentation-agent-8.10.2.jar org.gradle.launcher.daemon.bootstrap.GradleDaemon 8.10.2

Host: Intel(R) Core(TM) i5-7300HQ CPU @ 2.50GHz, 4 cores, 7G,  Windows 10 , 64 bit Build 19041 (10.0.19041.5438)
Time: Tue Mar  4 23:10:52 2025  Windows 10 , 64 bit Build 19041 (10.0.19041.5438) elapsed time: 15.077654 seconds (0d 0h 0m 15s)

---------------  T H R E A D  ---------------

Current thread (0x0000021f4e0a7040):  VMThread "VM Thread"          [id=3324, stack(0x000000b6f9f00000,0x000000b6fa000000) (1024K)]

Stack: [0x000000b6f9f00000,0x000000b6fa000000]
Native frames: (J=compiled Java code, j=interpreted, Vv=VM code, C=native code)
V  [jvm.dll+0x6cfb29]
V  [jvm.dll+0x85df93]
V  [jvm.dll+0x8604ee]
V  [jvm.dll+0x860bd3]
V  [jvm.dll+0x27e6b6]
V  [jvm.dll+0x6cc385]
V  [jvm.dll+0x6c078a]
V  [jvm.dll+0x35525b]
V  [jvm.dll+0x35ceb6]
V  [jvm.dll+0x3aedd6]
V  [jvm.dll+0x3af0a8]
V  [jvm.dll+0x32792c]
V  [jvm.dll+0x3279b7]
V  [jvm.dll+0x36d80c]
V  [jvm.dll+0x36bfbe]
V  [jvm.dll+0x327081]
V  [jvm.dll+0x36b6d0]
V  [jvm.dll+0x866958]
V  [jvm.dll+0x867cd4]
V  [jvm.dll+0x868210]
V  [jvm.dll+0x8684a3]
V  [jvm.dll+0x806368]
V  [jvm.dll+0x6ce3fd]
C  [ucrtbase.dll+0x21bb2]
C  [KERNEL32.DLL+0x17374]
C  [ntdll.dll+0x4cc91]

VM_Operation (0x000000b6fb4f4600): G1CollectForAllocation, mode: safepoint, requested by thread 0x0000021f541cb390


---------------  P R O C E S S  ---------------

Threads class SMR info:
_java_thread_list=0x0000021f5877e520, length=41, elements={
0x0000021f34fef3e0, 0x0000021f4e232ca0, 0x0000021f4e2336f0, 0x0000021f4e27e590,
0x0000021f4e27efe0, 0x0000021f4e27c1f0, 0x0000021f4e27cff0, 0x0000021f4e26afd0,
0x0000021f4e283710, 0x0000021f4e3e0460, 0x0000021f4e567ce0, 0x0000021f53efb320,
0x0000021f53eb5650, 0x0000021f5423ec20, 0x0000021f543af700, 0x0000021f541d7a50,
0x0000021f541cad00, 0x0000021f541cb390, 0x0000021f541c8c30, 0x0000021f541c7f10,
0x0000021f541c85a0, 0x0000021f541c92c0, 0x0000021f541c9950, 0x0000021f541c9fe0,
0x0000021f541ca670, 0x0000021f5775f7d0, 0x0000021f577604f0, 0x0000021f57765a40,
0x0000021f57761f30, 0x0000021f57763970, 0x0000021f57761210, 0x0000021f57762c50,
0x0000021f57764000, 0x0000021f57760b80, 0x0000021f577660d0, 0x0000021f5775fe60,
0x0000021f57ad8f40, 0x0000021f577632e0, 0x0000021f577653b0, 0x0000021f57766760,
0x0000021f57766df0
}

Java Threads: ( => current thread )
  0x0000021f34fef3e0 JavaThread "main"                              [_thread_blocked, id=18136, stack(0x000000b6f9800000,0x000000b6f9900000) (1024K)]
  0x0000021f4e232ca0 JavaThread "Reference Handler"          daemon [_thread_blocked, id=18024, stack(0x000000b6fa000000,0x000000b6fa100000) (1024K)]
  0x0000021f4e2336f0 JavaThread "Finalizer"                  daemon [_thread_blocked, id=5096, stack(0x000000b6fa100000,0x000000b6fa200000) (1024K)]
  0x0000021f4e27e590 JavaThread "Signal Dispatcher"          daemon [_thread_blocked, id=7156, stack(0x000000b6fa200000,0x000000b6fa300000) (1024K)]
  0x0000021f4e27efe0 JavaThread "Attach Listener"            daemon [_thread_blocked, id=15356, stack(0x000000b6fa300000,0x000000b6fa400000) (1024K)]
  0x0000021f4e27c1f0 JavaThread "Service Thread"             daemon [_thread_blocked, id=16204, stack(0x000000b6fa400000,0x000000b6fa500000) (1024K)]
  0x0000021f4e27cff0 JavaThread "Monitor Deflation Thread"   daemon [_thread_blocked, id=11640, stack(0x000000b6fa500000,0x000000b6fa600000) (1024K)]
  0x0000021f4e26afd0 JavaThread "C2 CompilerThread0"         daemon [_thread_blocked, id=6184, stack(0x000000b6fa600000,0x000000b6fa700000) (1024K)]
  0x0000021f4e283710 JavaThread "C1 CompilerThread0"         daemon [_thread_blocked, id=11280, stack(0x000000b6fa700000,0x000000b6fa800000) (1024K)]
  0x0000021f4e3e0460 JavaThread "Common-Cleaner"             daemon [_thread_blocked, id=17524, stack(0x000000b6fa800000,0x000000b6fa900000) (1024K)]
  0x0000021f4e567ce0 JavaThread "Notification Thread"        daemon [_thread_blocked, id=14304, stack(0x000000b6fa900000,0x000000b6faa00000) (1024K)]
  0x0000021f53efb320 JavaThread "Daemon health stats"               [_thread_blocked, id=2732, stack(0x000000b6faa00000,0x000000b6fab00000) (1024K)]
  0x0000021f53eb5650 JavaThread "Incoming local TCP Connector on port 53980"        [_thread_in_native, id=12848, stack(0x000000b6faf00000,0x000000b6fb000000) (1024K)]
  0x0000021f5423ec20 JavaThread "Daemon periodic checks"            [_thread_blocked, id=16448, stack(0x000000b6fb000000,0x000000b6fb100000) (1024K)]
  0x0000021f543af700 JavaThread "Daemon"                            [_thread_blocked, id=13952, stack(0x000000b6fb100000,0x000000b6fb200000) (1024K)]
  0x0000021f541d7a50 JavaThread "Handler for socket connection from /127.0.0.1:53980 to /127.0.0.1:53981"        [_thread_in_native, id=13272, stack(0x000000b6fb200000,0x000000b6fb300000) (1024K)]
  0x0000021f541cad00 JavaThread "Cancel handler"                    [_thread_blocked, id=2816, stack(0x000000b6fb300000,0x000000b6fb400000) (1024K)]
  0x0000021f541cb390 JavaThread "Daemon worker"                     [_thread_blocked, id=15736, stack(0x000000b6fb400000,0x000000b6fb500000) (1024K)]
  0x0000021f541c8c30 JavaThread "Asynchronous log dispatcher for DefaultDaemonConnection: socket connection from /127.0.0.1:53980 to /127.0.0.1:53981"        [_thread_blocked, id=15896, stack(0x000000b6fb500000,0x000000b6fb600000) (1024K)]
  0x0000021f541c7f10 JavaThread "Stdin handler"                     [_thread_blocked, id=792, stack(0x000000b6fb600000,0x000000b6fb700000) (1024K)]
  0x0000021f541c85a0 JavaThread "Daemon client event forwarder"        [_thread_blocked, id=17044, stack(0x000000b6fb700000,0x000000b6fb800000) (1024K)]
  0x0000021f541c92c0 JavaThread "Cache worker for journal cache (C:\Users\HDMI\.gradle\caches\journal-1)"        [_thread_blocked, id=2392, stack(0x000000b6fb800000,0x000000b6fb900000) (1024K)]
  0x0000021f541c9950 JavaThread "File lock request listener"        [_thread_in_native, id=7956, stack(0x000000b6fb900000,0x000000b6fba00000) (1024K)]
  0x0000021f541c9fe0 JavaThread "Cache worker for file hash cache (C:\Users\HDMI\.gradle\caches\8.10.2\fileHashes)"        [_thread_blocked, id=11832, stack(0x000000b6fba00000,0x000000b6fbb00000) (1024K)]
  0x0000021f541ca670 JavaThread "Cache worker for file hash cache (D:\AndroidStudioProjects\ExchangeApp\.gradle\8.10.2\fileHashes)"        [_thread_blocked, id=14600, stack(0x000000b6fbb00000,0x000000b6fbc00000) (1024K)]
  0x0000021f5775f7d0 JavaThread "Cache worker for Build Output Cleanup Cache (D:\AndroidStudioProjects\ExchangeApp\.gradle\buildOutputCleanup)"        [_thread_blocked, id=4440, stack(0x000000b6fbc00000,0x000000b6fbd00000) (1024K)]
  0x0000021f577604f0 JavaThread "File watcher server"        daemon [_thread_in_native, id=2476, stack(0x000000b6fbd00000,0x000000b6fbe00000) (1024K)]
  0x0000021f57765a40 JavaThread "File watcher consumer"      daemon [_thread_blocked, id=14332, stack(0x000000b6fbe00000,0x000000b6fbf00000) (1024K)]
  0x0000021f57761f30 JavaThread "jar transforms"                    [_thread_blocked, id=10688, stack(0x000000b6fae00000,0x000000b6faf00000) (1024K)]
  0x0000021f57763970 JavaThread "jar transforms Thread 2"           [_thread_blocked, id=10632, stack(0x000000b6fbf00000,0x000000b6fc000000) (1024K)]
  0x0000021f57761210 JavaThread "jar transforms Thread 3"           [_thread_blocked, id=15688, stack(0x000000b6fc000000,0x000000b6fc100000) (1024K)]
  0x0000021f57762c50 JavaThread "jar transforms Thread 4"           [_thread_blocked, id=8640, stack(0x000000b6fc100000,0x000000b6fc200000) (1024K)]
  0x0000021f57764000 JavaThread "Cache worker for checksums cache (D:\AndroidStudioProjects\ExchangeApp\.gradle\8.10.2\checksums)"        [_thread_blocked, id=11592, stack(0x000000b6fc300000,0x000000b6fc400000) (1024K)]
  0x0000021f57760b80 JavaThread "Cache worker for file content cache (C:\Users\HDMI\.gradle\caches\8.10.2\fileContent)"        [_thread_blocked, id=4660, stack(0x000000b6fc400000,0x000000b6fc500000) (1024K)]
  0x0000021f577660d0 JavaThread "Cache worker for cache directory md-rule (C:\Users\HDMI\.gradle\caches\8.10.2\md-rule)"        [_thread_blocked, id=7216, stack(0x000000b6fc500000,0x000000b6fc600000) (1024K)]
  0x0000021f5775fe60 JavaThread "Cache worker for cache directory md-supplier (C:\Users\HDMI\.gradle\caches\8.10.2\md-supplier)"        [_thread_blocked, id=12832, stack(0x000000b6fc600000,0x000000b6fc700000) (1024K)]
  0x0000021f57ad8f40 JavaThread "C2 CompilerThread1"         daemon [_thread_blocked, id=17444, stack(0x000000b6fc200000,0x000000b6fc300000) (1024K)]
  0x0000021f577632e0 JavaThread "Unconstrained build operations"        [_thread_blocked, id=15612, stack(0x000000b6fc700000,0x000000b6fc800000) (1024K)]
  0x0000021f577653b0 JavaThread "Unconstrained build operations Thread 2"        [_thread_blocked, id=20176, stack(0x000000b6fc800000,0x000000b6fc900000) (1024K)]
  0x0000021f57766760 JavaThread "Unconstrained build operations Thread 3"        [_thread_blocked, id=19984, stack(0x000000b6fc900000,0x000000b6fca00000) (1024K)]
  0x0000021f57766df0 JavaThread "Unconstrained build operations Thread 4"        [_thread_blocked, id=9688, stack(0x000000b6fca00000,0x000000b6fcb00000) (1024K)]
Total: 41

Other Threads:
=>0x0000021f4e0a7040 VMThread "VM Thread"                           [id=3324, stack(0x000000b6f9f00000,0x000000b6fa000000) (1024K)]
  0x0000021f4e042570 WatcherThread "VM Periodic Task Thread"        [id=11472, stack(0x000000b6f9e00000,0x000000b6f9f00000) (1024K)]
  0x0000021f350adf50 WorkerThread "GC Thread#0"                     [id=14688, stack(0x000000b6f9900000,0x000000b6f9a00000) (1024K)]
  0x0000021f4e824990 WorkerThread "GC Thread#1"                     [id=11892, stack(0x000000b6fab00000,0x000000b6fac00000) (1024K)]
  0x0000021f4e823b10 WorkerThread "GC Thread#2"                     [id=11100, stack(0x000000b6fac00000,0x000000b6fad00000) (1024K)]
  0x0000021f4e823eb0 WorkerThread "GC Thread#3"                     [id=14480, stack(0x000000b6fad00000,0x000000b6fae00000) (1024K)]
  0x0000021f372a6d00 ConcurrentGCThread "G1 Main Marker"            [id=3016, stack(0x000000b6f9a00000,0x000000b6f9b00000) (1024K)]
  0x0000021f372a8ec0 WorkerThread "G1 Conc#0"                       [id=17784, stack(0x000000b6f9b00000,0x000000b6f9c00000) (1024K)]
  0x0000021f4df07120 ConcurrentGCThread "G1 Refine#0"               [id=19540, stack(0x000000b6f9c00000,0x000000b6f9d00000) (1024K)]
  0x0000021f4df07aa0 ConcurrentGCThread "G1 Service"                [id=17832, stack(0x000000b6f9d00000,0x000000b6f9e00000) (1024K)]
Total: 10

Threads with active compile tasks:
C2 CompilerThread0  15127 6470       4       org.gradle.internal.serialize.HierarchicalNameSerializer::readName (51 bytes)
C2 CompilerThread1  15127 6502       4       org.gradle.internal.serialize.HierarchicalNameSerializer::readFirstOccurrenceOfName (60 bytes)
Total: 2

VM state: at safepoint (normal execution)

VM Mutex/Monitor currently owned by a thread:  ([mutex/lock_event])
[0x00007ff82199d360] Threads_lock - owner thread: 0x0000021f4e0a7040
[0x00007ff82199d460] Heap_lock - owner thread: 0x0000021f541cb390

Heap address: 0x0000000080000000, size: 2048 MB, Compressed Oops mode: 32-bit

CDS archive(s) not mapped
Compressed class space mapped at: 0x0000000100000000-0x0000000140000000, reserved size: 1073741824
Narrow klass base: 0x0000000000000000, Narrow klass shift: 3, Narrow klass range: 0x140000000

GC Precious Log:
 CardTable entry size: 512
 Card Set container configuration: InlinePtr #cards 5 size 8 Array Of Cards #cards 12 size 40 Howl #buckets 4 coarsen threshold 1843 Howl Bitmap #cards 512 size 80 coarsen threshold 460 Card regions per heap region 1 cards per card region 2048
 CPUs: 4 total, 4 available
 Memory: 8112M
 Large Page Support: Disabled
 NUMA Support: Disabled
 Compressed Oops: Enabled (32-bit)
 Heap Region Size: 1M
 Heap Min Capacity: 8M
 Heap Initial Capacity: 128M
 Heap Max Capacity: 2G
 Pre-touch: Disabled
 Parallel Workers: 4
 Concurrent Workers: 1
 Concurrent Refinement Workers: 4
 Periodic GC: Disabled

Heap:
 garbage-first heap   total 108544K, used 82944K [0x0000000080000000, 0x0000000100000000)
  region size 1024K, 4 young (4096K), 4 survivors (4096K)
 Metaspace       used 62567K, committed 64064K, reserved 1114112K
  class space    used 8523K, committed 9216K, reserved 1048576K

Heap Regions: E=young(eden), S=young(survivor), O=old, HS=humongous(starts), HC=humongous(continues), CS=collection set, F=free, TAMS=top-at-mark-start, PB=parsable bottom
|   0|0x0000000080000000, 0x0000000080100000, 0x0000000080100000|100%|HS|  |TAMS 0x0000000080100000| PB 0x0000000080000000| Complete 
|   1|0x0000000080100000, 0x0000000080200000, 0x0000000080200000|100%|HC|  |TAMS 0x0000000080200000| PB 0x0000000080100000| Complete 
|   2|0x0000000080200000, 0x0000000080300000, 0x0000000080300000|100%|HC|  |TAMS 0x0000000080300000| PB 0x0000000080200000| Complete 
|   3|0x0000000080300000, 0x0000000080400000, 0x0000000080400000|100%|HC|  |TAMS 0x0000000080400000| PB 0x0000000080300000| Complete 
|   4|0x0000000080400000, 0x0000000080500000, 0x0000000080500000|100%| O|  |TAMS 0x0000000080500000| PB 0x0000000080400000| Untracked 
|   5|0x0000000080500000, 0x0000000080600000, 0x0000000080600000|100%| O|  |TAMS 0x0000000080600000| PB 0x0000000080500000| Untracked 
|   6|0x0000000080600000, 0x0000000080700000, 0x0000000080700000|100%| O|  |TAMS 0x0000000080700000| PB 0x0000000080600000| Untracked 
|   7|0x0000000080700000, 0x0000000080800000, 0x0000000080800000|100%|HS|  |TAMS 0x0000000080800000| PB 0x0000000080700000| Complete 
|   8|0x0000000080800000, 0x0000000080900000, 0x0000000080900000|100%| O|  |TAMS 0x0000000080900000| PB 0x0000000080800000| Untracked 
|   9|0x0000000080900000, 0x0000000080a00000, 0x0000000080a00000|100%| O|  |TAMS 0x0000000080a00000| PB 0x0000000080900000| Untracked 
|  10|0x0000000080a00000, 0x0000000080b00000, 0x0000000080b00000|100%| O|  |TAMS 0x0000000080b00000| PB 0x0000000080a00000| Untracked 
|  11|0x0000000080b00000, 0x0000000080c00000, 0x0000000080c00000|100%| O|  |TAMS 0x0000000080c00000| PB 0x0000000080b00000| Untracked 
|  12|0x0000000080c00000, 0x0000000080d00000, 0x0000000080d00000|100%| O|  |TAMS 0x0000000080d00000| PB 0x0000000080c00000| Untracked 
|  13|0x0000000080d00000, 0x0000000080e00000, 0x0000000080e00000|100%| O|  |TAMS 0x0000000080e00000| PB 0x0000000080d00000| Untracked 
|  14|0x0000000080e00000, 0x0000000080f00000, 0x0000000080f00000|100%| O|  |TAMS 0x0000000080f00000| PB 0x0000000080e00000| Untracked 
|  15|0x0000000080f00000, 0x0000000081000000, 0x0000000081000000|100%| O|  |TAMS 0x0000000081000000| PB 0x0000000080f00000| Untracked 
|  16|0x0000000081000000, 0x0000000081100000, 0x0000000081100000|100%| O|  |TAMS 0x0000000081100000| PB 0x0000000081000000| Untracked 
|  17|0x0000000081100000, 0x0000000081200000, 0x0000000081200000|100%| O|  |TAMS 0x0000000081200000| PB 0x0000000081100000| Untracked 
|  18|0x0000000081200000, 0x0000000081300000, 0x0000000081300000|100%| O|  |TAMS 0x0000000081300000| PB 0x0000000081200000| Untracked 
|  19|0x0000000081300000, 0x0000000081400000, 0x0000000081400000|100%| O|  |TAMS 0x0000000081400000| PB 0x0000000081300000| Untracked 
|  20|0x0000000081400000, 0x0000000081500000, 0x0000000081500000|100%|HS|  |TAMS 0x0000000081500000| PB 0x0000000081400000| Complete 
|  21|0x0000000081500000, 0x0000000081600000, 0x0000000081600000|100%|HC|  |TAMS 0x0000000081600000| PB 0x0000000081500000| Complete 
|  22|0x0000000081600000, 0x0000000081700000, 0x0000000081700000|100%|HC|  |TAMS 0x0000000081700000| PB 0x0000000081600000| Complete 
|  23|0x0000000081700000, 0x0000000081800000, 0x0000000081800000|100%|HC|  |TAMS 0x0000000081800000| PB 0x0000000081700000| Complete 
|  24|0x0000000081800000, 0x0000000081900000, 0x0000000081900000|100%|HC|  |TAMS 0x0000000081900000| PB 0x0000000081800000| Complete 
|  25|0x0000000081900000, 0x0000000081a00000, 0x0000000081a00000|100%|HC|  |TAMS 0x0000000081a00000| PB 0x0000000081900000| Complete 
|  26|0x0000000081a00000, 0x0000000081b00000, 0x0000000081b00000|100%|HS|  |TAMS 0x0000000081b00000| PB 0x0000000081a00000| Complete 
|  27|0x0000000081b00000, 0x0000000081c00000, 0x0000000081c00000|100%|HC|  |TAMS 0x0000000081c00000| PB 0x0000000081b00000| Complete 
|  28|0x0000000081c00000, 0x0000000081d00000, 0x0000000081d00000|100%|HC|  |TAMS 0x0000000081d00000| PB 0x0000000081c00000| Complete 
|  29|0x0000000081d00000, 0x0000000081e00000, 0x0000000081e00000|100%|HS|  |TAMS 0x0000000081e00000| PB 0x0000000081d00000| Complete 
|  30|0x0000000081e00000, 0x0000000081f00000, 0x0000000081f00000|100%|HC|  |TAMS 0x0000000081f00000| PB 0x0000000081e00000| Complete 
|  31|0x0000000081f00000, 0x0000000082000000, 0x0000000082000000|100%| O|  |TAMS 0x0000000082000000| PB 0x0000000081f00000| Untracked 
|  32|0x0000000082000000, 0x0000000082100000, 0x0000000082100000|100%| O|  |TAMS 0x0000000082100000| PB 0x0000000082000000| Untracked 
|  33|0x0000000082100000, 0x0000000082200000, 0x0000000082200000|100%| O|  |TAMS 0x0000000082200000| PB 0x0000000082100000| Untracked 
|  34|0x0000000082200000, 0x0000000082300000, 0x0000000082300000|100%|HS|  |TAMS 0x0000000082300000| PB 0x0000000082200000| Complete 
|  35|0x0000000082300000, 0x0000000082400000, 0x0000000082400000|100%| O|  |TAMS 0x0000000082400000| PB 0x0000000082300000| Untracked 
|  36|0x0000000082400000, 0x0000000082500000, 0x0000000082500000|100%| O|  |TAMS 0x0000000082500000| PB 0x0000000082400000| Untracked 
|  37|0x0000000082500000, 0x0000000082600000, 0x0000000082600000|100%| O|  |TAMS 0x0000000082600000| PB 0x0000000082500000| Untracked 
|  38|0x0000000082600000, 0x0000000082700000, 0x0000000082700000|100%| O|  |TAMS 0x0000000082700000| PB 0x0000000082600000| Untracked 
|  39|0x0000000082700000, 0x0000000082800000, 0x0000000082800000|100%| O|  |TAMS 0x0000000082800000| PB 0x0000000082700000| Untracked 
|  40|0x0000000082800000, 0x0000000082900000, 0x0000000082900000|100%| O|  |TAMS 0x0000000082900000| PB 0x0000000082800000| Untracked 
|  41|0x0000000082900000, 0x0000000082a00000, 0x0000000082a00000|100%| O|  |TAMS 0x0000000082a00000| PB 0x0000000082900000| Untracked 
|  42|0x0000000082a00000, 0x0000000082b00000, 0x0000000082b00000|100%| O|  |TAMS 0x0000000082b00000| PB 0x0000000082a00000| Untracked 
|  43|0x0000000082b00000, 0x0000000082c00000, 0x0000000082c00000|100%| O|  |TAMS 0x0000000082c00000| PB 0x0000000082b00000| Untracked 
|  44|0x0000000082c00000, 0x0000000082d00000, 0x0000000082d00000|100%| O|  |TAMS 0x0000000082d00000| PB 0x0000000082c00000| Untracked 
|  45|0x0000000082d00000, 0x0000000082e00000, 0x0000000082e00000|100%| O|  |TAMS 0x0000000082e00000| PB 0x0000000082d00000| Untracked 
|  46|0x0000000082e00000, 0x0000000082f00000, 0x0000000082f00000|100%| O|  |TAMS 0x0000000082f00000| PB 0x0000000082e00000| Untracked 
|  47|0x0000000082f00000, 0x0000000083000000, 0x0000000083000000|100%| O|  |TAMS 0x0000000083000000| PB 0x0000000082f00000| Untracked 
|  48|0x0000000083000000, 0x0000000083100000, 0x0000000083100000|100%| O|  |TAMS 0x0000000083000000| PB 0x0000000083000000| Untracked 
|  49|0x0000000083100000, 0x0000000083200000, 0x0000000083200000|100%| O|  |TAMS 0x0000000083200000| PB 0x0000000083100000| Untracked 
|  50|0x0000000083200000, 0x0000000083300000, 0x0000000083300000|100%| O|  |TAMS 0x0000000083300000| PB 0x0000000083200000| Untracked 
|  51|0x0000000083300000, 0x0000000083400000, 0x0000000083400000|100%| O|  |TAMS 0x0000000083400000| PB 0x0000000083300000| Untracked 
|  52|0x0000000083400000, 0x0000000083500000, 0x0000000083500000|100%| O|  |TAMS 0x0000000083500000| PB 0x0000000083400000| Untracked 
|  53|0x0000000083500000, 0x0000000083600000, 0x0000000083600000|100%| O|  |TAMS 0x0000000083600000| PB 0x0000000083500000| Untracked 
|  54|0x0000000083600000, 0x0000000083700000, 0x0000000083700000|100%| O|  |TAMS 0x0000000083700000| PB 0x0000000083600000| Untracked 
|  55|0x0000000083700000, 0x0000000083800000, 0x0000000083800000|100%| O|  |TAMS 0x0000000083800000| PB 0x0000000083700000| Untracked 
|  56|0x0000000083800000, 0x0000000083900000, 0x0000000083900000|100%| O|  |TAMS 0x0000000083900000| PB 0x0000000083800000| Untracked 
|  57|0x0000000083900000, 0x0000000083a00000, 0x0000000083a00000|100%| O|  |TAMS 0x0000000083a00000| PB 0x0000000083900000| Untracked 
|  58|0x0000000083a00000, 0x0000000083b00000, 0x0000000083b00000|100%| O|  |TAMS 0x0000000083b00000| PB 0x0000000083a00000| Untracked 
|  59|0x0000000083b00000, 0x0000000083c00000, 0x0000000083c00000|100%| O|  |TAMS 0x0000000083c00000| PB 0x0000000083b00000| Untracked 
|  60|0x0000000083c00000, 0x0000000083d00000, 0x0000000083d00000|100%| O|  |TAMS 0x0000000083d00000| PB 0x0000000083c00000| Untracked 
|  61|0x0000000083d00000, 0x0000000083e00000, 0x0000000083e00000|100%| O|  |TAMS 0x0000000083e00000| PB 0x0000000083d00000| Untracked 
|  62|0x0000000083e00000, 0x0000000083f00000, 0x0000000083f00000|100%| O|  |TAMS 0x0000000083f00000| PB 0x0000000083e00000| Untracked 
|  63|0x0000000083f00000, 0x0000000084000000, 0x0000000084000000|100%| O|  |TAMS 0x0000000084000000| PB 0x0000000083f00000| Untracked 
|  64|0x0000000084000000, 0x0000000084100000, 0x0000000084100000|100%| O|  |TAMS 0x0000000084100000| PB 0x0000000084000000| Untracked 
|  65|0x0000000084100000, 0x0000000084200000, 0x0000000084200000|100%| O|  |TAMS 0x0000000084100000| PB 0x0000000084100000| Untracked 
|  66|0x0000000084200000, 0x0000000084300000, 0x0000000084300000|100%| O|  |TAMS 0x0000000084200000| PB 0x0000000084200000| Untracked 
|  67|0x0000000084300000, 0x0000000084400000, 0x0000000084400000|100%| O|  |TAMS 0x0000000084300000| PB 0x0000000084300000| Untracked 
|  68|0x0000000084400000, 0x0000000084500000, 0x0000000084500000|100%| O|  |TAMS 0x0000000084500000| PB 0x0000000084400000| Untracked 
|  69|0x0000000084500000, 0x0000000084600000, 0x0000000084600000|100%| O|  |TAMS 0x0000000084500000| PB 0x0000000084500000| Untracked 
|  70|0x0000000084600000, 0x0000000084700000, 0x0000000084700000|100%| O|  |TAMS 0x0000000084600000| PB 0x0000000084600000| Untracked 
|  71|0x0000000084700000, 0x0000000084800000, 0x0000000084800000|100%| O|  |TAMS 0x0000000084800000| PB 0x0000000084700000| Untracked 
|  72|0x0000000084800000, 0x0000000084800000, 0x0000000084900000|  0%| F|  |TAMS 0x0000000084800000| PB 0x0000000084800000| Untracked 
|  73|0x0000000084900000, 0x0000000084900000, 0x0000000084a00000|  0%| F|  |TAMS 0x0000000084900000| PB 0x0000000084900000| Untracked 
|  74|0x0000000084a00000, 0x0000000084a00000, 0x0000000084b00000|  0%| F|  |TAMS 0x0000000084a00000| PB 0x0000000084a00000| Untracked 
|  75|0x0000000084b00000, 0x0000000084b00000, 0x0000000084c00000|  0%| F|  |TAMS 0x0000000084b00000| PB 0x0000000084b00000| Untracked 
|  76|0x0000000084c00000, 0x0000000084d00000, 0x0000000084d00000|100%| O|  |TAMS 0x0000000084c00000| PB 0x0000000084c00000| Untracked 
|  77|0x0000000084d00000, 0x0000000084e00000, 0x0000000084e00000|100%| O|  |TAMS 0x0000000084d00000| PB 0x0000000084d00000| Untracked 
|  78|0x0000000084e00000, 0x0000000084f00000, 0x0000000084f00000|100%| S|CS|TAMS 0x0000000084e00000| PB 0x0000000084e00000| Complete 
|  79|0x0000000084f00000, 0x0000000085000000, 0x0000000085000000|100%| S|CS|TAMS 0x0000000084f00000| PB 0x0000000084f00000| Complete 
|  80|0x0000000085000000, 0x0000000085100000, 0x0000000085100000|100%| S|CS|TAMS 0x0000000085000000| PB 0x0000000085000000| Complete 
|  81|0x0000000085100000, 0x0000000085200000, 0x0000000085200000|100%| S|CS|TAMS 0x0000000085100000| PB 0x0000000085100000| Complete 
|  82|0x0000000085200000, 0x0000000085200000, 0x0000000085300000|  0%| F|  |TAMS 0x0000000085200000| PB 0x0000000085200000| Untracked 
|  83|0x0000000085300000, 0x0000000085300000, 0x0000000085400000|  0%| F|  |TAMS 0x0000000085300000| PB 0x0000000085300000| Untracked 
|  84|0x0000000085400000, 0x0000000085400000, 0x0000000085500000|  0%| F|  |TAMS 0x0000000085400000| PB 0x0000000085400000| Untracked 
|  85|0x0000000085500000, 0x0000000085500000, 0x0000000085600000|  0%| F|  |TAMS 0x0000000085500000| PB 0x0000000085500000| Untracked 
|  86|0x0000000085600000, 0x0000000085600000, 0x0000000085700000|  0%| F|  |TAMS 0x0000000085600000| PB 0x0000000085600000| Untracked 
|  87|0x0000000085700000, 0x0000000085700000, 0x0000000085800000|  0%| F|  |TAMS 0x0000000085700000| PB 0x0000000085700000| Untracked 
|  88|0x0000000085800000, 0x0000000085800000, 0x0000000085900000|  0%| F|  |TAMS 0x0000000085800000| PB 0x0000000085800000| Untracked 
|  89|0x0000000085900000, 0x0000000085900000, 0x0000000085a00000|  0%| F|  |TAMS 0x0000000085900000| PB 0x0000000085900000| Untracked 
|  90|0x0000000085a00000, 0x0000000085a00000, 0x0000000085b00000|  0%| F|  |TAMS 0x0000000085a00000| PB 0x0000000085a00000| Untracked 
|  91|0x0000000085b00000, 0x0000000085b00000, 0x0000000085c00000|  0%| F|  |TAMS 0x0000000085b00000| PB 0x0000000085b00000| Untracked 
|  92|0x0000000085c00000, 0x0000000085c00000, 0x0000000085d00000|  0%| F|  |TAMS 0x0000000085c00000| PB 0x0000000085c00000| Untracked 
|  93|0x0000000085d00000, 0x0000000085d00000, 0x0000000085e00000|  0%| F|  |TAMS 0x0000000085d00000| PB 0x0000000085d00000| Untracked 
|  94|0x0000000085e00000, 0x0000000085e00000, 0x0000000085f00000|  0%| F|  |TAMS 0x0000000085e00000| PB 0x0000000085e00000| Untracked 
|  95|0x0000000085f00000, 0x0000000085f00000, 0x0000000086000000|  0%| F|  |TAMS 0x0000000085f00000| PB 0x0000000085f00000| Untracked 
|  96|0x0000000086000000, 0x0000000086000000, 0x0000000086100000|  0%| F|  |TAMS 0x0000000086000000| PB 0x0000000086000000| Untracked 
|  97|0x0000000086100000, 0x0000000086100000, 0x0000000086200000|  0%| F|  |TAMS 0x0000000086100000| PB 0x0000000086100000| Untracked 
|  98|0x0000000086200000, 0x0000000086200000, 0x0000000086300000|  0%| F|  |TAMS 0x0000000086200000| PB 0x0000000086200000| Untracked 
|  99|0x0000000086300000, 0x0000000086300000, 0x0000000086400000|  0%| F|  |TAMS 0x0000000086300000| PB 0x0000000086300000| Untracked 
| 117|0x0000000087500000, 0x0000000087500000, 0x0000000087600000|  0%| F|  |TAMS 0x0000000087500000| PB 0x0000000087500000| Untracked 
| 118|0x0000000087600000, 0x0000000087600000, 0x0000000087700000|  0%| F|  |TAMS 0x0000000087600000| PB 0x0000000087600000| Untracked 
| 127|0x0000000087f00000, 0x0000000087f00000, 0x0000000088000000|  0%| F|  |TAMS 0x0000000087f00000| PB 0x0000000087f00000| Untracked 
|2045|0x00000000ffd00000, 0x00000000ffe00000, 0x00000000ffe00000|100%| O|  |TAMS 0x00000000ffe00000| PB 0x00000000ffd00000| Untracked 
|2046|0x00000000ffe00000, 0x00000000fff00000, 0x00000000fff00000|100%| O|  |TAMS 0x00000000fff00000| PB 0x00000000ffe00000| Untracked 
|2047|0x00000000fff00000, 0x0000000100000000, 0x0000000100000000|100%| O|  |TAMS 0x0000000100000000| PB 0x00000000fff00000| Untracked 

Card table byte_map: [0x0000021f49790000,0x0000021f49b90000] _byte_map_base: 0x0000021f49390000

Marking Bits: (CMBitMap*) 0x0000021f350ae560
 Bits: [0x0000021f49b90000, 0x0000021f4bb90000)

Polling page: 0x0000021f35210000

Metaspace:

Usage:
  Non-class:     52.78 MB used.
      Class:      8.32 MB used.
       Both:     61.10 MB used.

Virtual space:
  Non-class space:       64.00 MB reserved,      53.56 MB ( 84%) committed,  1 nodes.
      Class space:        1.00 GB reserved,       9.00 MB ( <1%) committed,  1 nodes.
             Both:        1.06 GB reserved,      62.56 MB (  6%) committed. 

Chunk freelists:
   Non-Class:  10.30 MB
       Class:  7.00 MB
        Both:  17.30 MB

MaxMetaspaceSize: unlimited
CompressedClassSpaceSize: 1.00 GB
Initial GC threshold: 21.00 MB
Current GC threshold: 103.69 MB
CDS: off
 - commit_granule_bytes: 65536.
 - commit_granule_words: 8192.
 - virtual_space_node_default_size: 8388608.
 - enlarge_chunks_in_place: 1.
 - use_allocation_guard: 0.


Internal statistics:

num_allocs_failed_limit: 6.
num_arena_births: 2736.
num_arena_deaths: 4.
num_vsnodes_births: 2.
num_vsnodes_deaths: 0.
num_space_committed: 1001.
num_space_uncommitted: 0.
num_chunks_returned_to_freelist: 12.
num_chunks_taken_from_freelist: 5209.
num_chunk_merges: 6.
num_chunk_splits: 3354.
num_chunks_enlarged: 2093.
num_inconsistent_stats: 0.

CodeHeap 'non-profiled nmethods': size=120000Kb used=3395Kb max_used=3395Kb free=116604Kb
 bounds [0x0000021f41e60000, 0x0000021f421c0000, 0x0000021f49390000]
CodeHeap 'profiled nmethods': size=120000Kb used=9752Kb max_used=10205Kb free=110247Kb
 bounds [0x0000021f3a390000, 0x0000021f3ad90000, 0x0000021f418c0000]
CodeHeap 'non-nmethods': size=5760Kb used=2713Kb max_used=2806Kb free=3046Kb
 bounds [0x0000021f418c0000, 0x0000021f41b90000, 0x0000021f41e60000]
 total_blobs=6362 nmethods=5496 adapters=770
 compilation: enabled
              stopped_count=0, restarted_count=0
 full_count=0

Compilation events (20 events):
Event: 14.968 Thread 0x0000021f4e283710 6588       2       org.gradle.internal.hash.Hashing$MessageDigestHasher::putHash (6 bytes)
Event: 14.968 Thread 0x0000021f4e283710 nmethod 6588 0x0000021f3aa9c810 code [0x0000021f3aa9c9c0, 0x0000021f3aa9cb00]
Event: 14.968 Thread 0x0000021f4e283710 6587       1       java.util.AbstractMap$SimpleImmutableEntry::getKey (5 bytes)
Event: 14.968 Thread 0x0000021f4e283710 nmethod 6587 0x0000021f420f8710 code [0x0000021f420f88a0, 0x0000021f420f8968]
Event: 14.968 Thread 0x0000021f4e283710 6589       3       org.gradle.internal.classpath.types.ExternalPluginsInstrumentationTypeRegistry::getDirectSuperTypes (48 bytes)
Event: 14.968 Thread 0x0000021f4e283710 nmethod 6589 0x0000021f3aa9bd90 code [0x0000021f3aa9bfa0, 0x0000021f3aa9c5b8]
Event: 14.969 Thread 0x0000021f4e283710 6590       3       org.gradle.internal.classpath.types.ExternalPluginsInstrumentationTypeRegistry::getSuperTypes (70 bytes)
Event: 14.969 Thread 0x0000021f4e283710 nmethod 6590 0x0000021f3aa9ad10 code [0x0000021f3aa9af80, 0x0000021f3aa9b9f0]
Event: 14.969 Thread 0x0000021f4e283710 6591       3       org.gradle.internal.classpath.types.ExternalPluginsInstrumentationTypeRegistry::computeInstrumentedSuperTypes (53 bytes)
Event: 14.970 Thread 0x0000021f4e283710 nmethod 6591 0x0000021f3ab09090 code [0x0000021f3ab092e0, 0x0000021f3ab09aa8]
Event: 14.970 Thread 0x0000021f4e283710 6592       2       jdk.internal.misc.PreviewFeatures::isEnabled (4 bytes)
Event: 14.971 Thread 0x0000021f4e283710 nmethod 6592 0x0000021f3a5d1610 code [0x0000021f3a5d17a0, 0x0000021f3a5d1888]
Event: 14.973 Thread 0x0000021f4e283710 6593       2       org.gradle.internal.logging.events.CategorisedOutputEvent::<init> (21 bytes)
Event: 14.973 Thread 0x0000021f4e283710 nmethod 6593 0x0000021f3aa9a910 code [0x0000021f3aa9aac0, 0x0000021f3aa9ac78]
Event: 14.975 Thread 0x0000021f4e283710 6595       2       org.gradle.cache.internal.btree.BTreePersistentIndexedCache$IndexEntry::<init> (6 bytes)
Event: 14.975 Thread 0x0000021f4e283710 nmethod 6595 0x0000021f3ab08d10 code [0x0000021f3ab08ea0, 0x0000021f3ab08fa8]
Event: 14.975 Thread 0x0000021f4e283710 6596       2       org.gradle.cache.internal.btree.BTreePersistentIndexedCache$IndexEntry::<init> (10 bytes)
Event: 14.975 Thread 0x0000021f4e283710 nmethod 6596 0x0000021f3ab08990 code [0x0000021f3ab08b20, 0x0000021f3ab08c28]
Event: 14.977 Thread 0x0000021f4e283710 6597       1       org.gradle.internal.snapshot.AbstractFileSystemLocationSnapshot::getAbsolutePath (5 bytes)
Event: 14.977 Thread 0x0000021f4e283710 nmethod 6597 0x0000021f420f8410 code [0x0000021f420f85a0, 0x0000021f420f8668]

GC Heap History (20 events):
Event: 11.534 GC heap after
{Heap after GC invocations=15 (full 0):
 garbage-first heap   total 86016K, used 48287K [0x0000000080000000, 0x0000000100000000)
  region size 1024K, 3 young (3072K), 3 survivors (3072K)
 Metaspace       used 48679K, committed 49984K, reserved 1114112K
  class space    used 6695K, committed 7360K, reserved 1048576K
}
Event: 12.200 GC heap before
{Heap before GC invocations=15 (full 0):
 garbage-first heap   total 86016K, used 75935K [0x0000000080000000, 0x0000000100000000)
  region size 1024K, 30 young (30720K), 3 survivors (3072K)
 Metaspace       used 54180K, committed 55488K, reserved 1114112K
  class space    used 7342K, committed 8000K, reserved 1048576K
}
Event: 12.205 GC heap after
{Heap after GC invocations=16 (full 0):
 garbage-first heap   total 86016K, used 50903K [0x0000000080000000, 0x0000000100000000)
  region size 1024K, 4 young (4096K), 4 survivors (4096K)
 Metaspace       used 54180K, committed 55488K, reserved 1114112K
  class space    used 7342K, committed 8000K, reserved 1048576K
}
Event: 12.685 GC heap before
{Heap before GC invocations=17 (full 0):
 garbage-first heap   total 86016K, used 81623K [0x0000000080000000, 0x0000000100000000)
  region size 1024K, 29 young (29696K), 4 survivors (4096K)
 Metaspace       used 57168K, committed 58560K, reserved 1114112K
  class space    used 7652K, committed 8320K, reserved 1048576K
}
Event: 12.692 GC heap after
{Heap after GC invocations=18 (full 0):
 garbage-first heap   total 89088K, used 53543K [0x0000000080000000, 0x0000000100000000)
  region size 1024K, 3 young (3072K), 3 survivors (3072K)
 Metaspace       used 57168K, committed 58560K, reserved 1114112K
  class space    used 7652K, committed 8320K, reserved 1048576K
}
Event: 13.185 GC heap before
{Heap before GC invocations=18 (full 0):
 garbage-first heap   total 89088K, used 80167K [0x0000000080000000, 0x0000000100000000)
  region size 1024K, 29 young (29696K), 3 survivors (3072K)
 Metaspace       used 58602K, committed 60096K, reserved 1114112K
  class space    used 7875K, committed 8576K, reserved 1048576K
}
Event: 13.189 GC heap after
{Heap after GC invocations=19 (full 0):
 garbage-first heap   total 107520K, used 54424K [0x0000000080000000, 0x0000000100000000)
  region size 1024K, 2 young (2048K), 2 survivors (2048K)
 Metaspace       used 58602K, committed 60096K, reserved 1114112K
  class space    used 7875K, committed 8576K, reserved 1048576K
}
Event: 13.858 GC heap before
{Heap before GC invocations=19 (full 0):
 garbage-first heap   total 107520K, used 97432K [0x0000000080000000, 0x0000000100000000)
  region size 1024K, 42 young (43008K), 2 survivors (2048K)
 Metaspace       used 62177K, committed 63680K, reserved 1114112K
  class space    used 8467K, committed 9216K, reserved 1048576K
}
Event: 13.863 GC heap after
{Heap after GC invocations=20 (full 0):
 garbage-first heap   total 107520K, used 58268K [0x0000000080000000, 0x0000000100000000)
  region size 1024K, 3 young (3072K), 3 survivors (3072K)
 Metaspace       used 62177K, committed 63680K, reserved 1114112K
  class space    used 8467K, committed 9216K, reserved 1048576K
}
Event: 14.064 GC heap before
{Heap before GC invocations=21 (full 0):
 garbage-first heap   total 107520K, used 96156K [0x0000000080000000, 0x0000000100000000)
  region size 1024K, 41 young (41984K), 3 survivors (3072K)
 Metaspace       used 62204K, committed 63744K, reserved 1114112K
  class space    used 8471K, committed 9216K, reserved 1048576K
}
Event: 14.069 GC heap after
{Heap after GC invocations=22 (full 0):
 garbage-first heap   total 107520K, used 60117K [0x0000000080000000, 0x0000000100000000)
  region size 1024K, 5 young (5120K), 5 survivors (5120K)
 Metaspace       used 62204K, committed 63744K, reserved 1114112K
  class space    used 8471K, committed 9216K, reserved 1048576K
}
Event: 14.237 GC heap before
{Heap before GC invocations=22 (full 0):
 garbage-first heap   total 107520K, used 94933K [0x0000000080000000, 0x0000000100000000)
  region size 1024K, 40 young (40960K), 5 survivors (5120K)
 Metaspace       used 62228K, committed 63744K, reserved 1114112K
  class space    used 8476K, committed 9216K, reserved 1048576K
}
Event: 14.243 GC heap after
{Heap after GC invocations=23 (full 0):
 garbage-first heap   total 107520K, used 61532K [0x0000000080000000, 0x0000000100000000)
  region size 1024K, 4 young (4096K), 4 survivors (4096K)
 Metaspace       used 62228K, committed 63744K, reserved 1114112K
  class space    used 8476K, committed 9216K, reserved 1048576K
}
Event: 14.374 GC heap before
{Heap before GC invocations=23 (full 0):
 garbage-first heap   total 107520K, used 95324K [0x0000000080000000, 0x0000000100000000)
  region size 1024K, 38 young (38912K), 4 survivors (4096K)
 Metaspace       used 62298K, committed 63808K, reserved 1114112K
  class space    used 8490K, committed 9216K, reserved 1048576K
}
Event: 14.378 GC heap after
{Heap after GC invocations=24 (full 0):
 garbage-first heap   total 107520K, used 63341K [0x0000000080000000, 0x0000000100000000)
  region size 1024K, 4 young (4096K), 4 survivors (4096K)
 Metaspace       used 62298K, committed 63808K, reserved 1114112K
  class space    used 8490K, committed 9216K, reserved 1048576K
}
Event: 14.620 GC heap before
{Heap before GC invocations=25 (full 0):
 garbage-first heap   total 107520K, used 96109K [0x0000000080000000, 0x0000000100000000)
  region size 1024K, 36 young (36864K), 4 survivors (4096K)
 Metaspace       used 62293K, committed 63808K, reserved 1114112K
  class space    used 8487K, committed 9216K, reserved 1048576K
}
Event: 14.627 GC heap after
{Heap after GC invocations=26 (full 0):
 garbage-first heap   total 107520K, used 68132K [0x0000000080000000, 0x0000000100000000)
  region size 1024K, 5 young (5120K), 5 survivors (5120K)
 Metaspace       used 62293K, committed 63808K, reserved 1114112K
  class space    used 8487K, committed 9216K, reserved 1048576K
}
Event: 14.895 GC heap before
{Heap before GC invocations=26 (full 0):
 garbage-first heap   total 107520K, used 95780K [0x0000000080000000, 0x0000000100000000)
  region size 1024K, 32 young (32768K), 5 survivors (5120K)
 Metaspace       used 62550K, committed 64000K, reserved 1114112K
  class space    used 8523K, committed 9216K, reserved 1048576K
}
Event: 14.907 GC heap after
{Heap after GC invocations=27 (full 0):
 garbage-first heap   total 108544K, used 74752K [0x0000000080000000, 0x0000000100000000)
  region size 1024K, 4 young (4096K), 4 survivors (4096K)
 Metaspace       used 62550K, committed 64000K, reserved 1114112K
  class space    used 8523K, committed 9216K, reserved 1048576K
}
Event: 14.981 GC heap before
{Heap before GC invocations=27 (full 0):
 garbage-first heap   total 108544K, used 96256K [0x0000000080000000, 0x0000000100000000)
  region size 1024K, 25 young (25600K), 4 survivors (4096K)
 Metaspace       used 62567K, committed 64064K, reserved 1114112K
  class space    used 8523K, committed 9216K, reserved 1048576K
}

Dll operation events (3 events):
Event: 0.175 Loaded shared library D:\Programs\Android Studio\jbr\bin\java.dll
Event: 0.182 Loaded shared library D:\Programs\Android Studio\jbr\bin\zip.dll
Event: 0.849 Loaded shared library D:\Programs\Android Studio\jbr\bin\verify.dll

Deoptimization events (20 events):
Event: 14.908 Thread 0x0000021f57766760 DEOPT PACKING pc=0x0000021f41f124ec sp=0x000000b6fc9fb0e0
Event: 14.908 Thread 0x0000021f57766760 DEOPT UNPACKING pc=0x0000021f419146a2 sp=0x000000b6fc9fb0c0 mode 2
Event: 14.908 Thread 0x0000021f57766760 Uncommon trap: trap_request=0xffffffc6 fr.pc=0x0000021f41f124ec relative=0x000000000000094c
Event: 14.908 Thread 0x0000021f57766760 Uncommon trap: reason=bimorphic_or_optimized_type_check action=maybe_recompile pc=0x0000021f41f124ec method=org.gradle.internal.serialize.AbstractCollectionSerializer.write(Lorg/gradle/internal/serialize/Encoder;Ljava/util/Collection;)V @ 2 c2
Event: 14.908 Thread 0x0000021f57766760 DEOPT PACKING pc=0x0000021f41f124ec sp=0x000000b6fc9fb0e0
Event: 14.908 Thread 0x0000021f57766760 DEOPT UNPACKING pc=0x0000021f419146a2 sp=0x000000b6fc9fb0c0 mode 2
Event: 14.908 Thread 0x0000021f57766760 Uncommon trap: trap_request=0xffffffc6 fr.pc=0x0000021f41f124ec relative=0x000000000000094c
Event: 14.908 Thread 0x0000021f57766760 Uncommon trap: reason=bimorphic_or_optimized_type_check action=maybe_recompile pc=0x0000021f41f124ec method=org.gradle.internal.serialize.AbstractCollectionSerializer.write(Lorg/gradle/internal/serialize/Encoder;Ljava/util/Collection;)V @ 2 c2
Event: 14.908 Thread 0x0000021f57766760 DEOPT PACKING pc=0x0000021f41f124ec sp=0x000000b6fc9fb0e0
Event: 14.908 Thread 0x0000021f57766760 DEOPT UNPACKING pc=0x0000021f419146a2 sp=0x000000b6fc9fb0c0 mode 2
Event: 14.908 Thread 0x0000021f57766760 Uncommon trap: trap_request=0xffffff6e fr.pc=0x0000021f421a48a0 relative=0x0000000000002120
Event: 14.908 Thread 0x0000021f57766760 Uncommon trap: reason=loop_limit_check action=maybe_recompile pc=0x0000021f421a48a0 method=com.google.common.base.CharMatcher.lastIndexIn(Ljava/lang/CharSequence;)I @ 10 c2
Event: 14.908 Thread 0x0000021f57766760 DEOPT PACKING pc=0x0000021f421a48a0 sp=0x000000b6fc9faf40
Event: 14.908 Thread 0x0000021f57766760 DEOPT UNPACKING pc=0x0000021f419146a2 sp=0x000000b6fc9fad58 mode 2
Event: 14.908 Thread 0x0000021f57766760 Uncommon trap: trap_request=0xffffff6e fr.pc=0x0000021f421af250 relative=0x0000000000000090
Event: 14.908 Thread 0x0000021f57766760 Uncommon trap: reason=loop_limit_check action=maybe_recompile pc=0x0000021f421af250 method=com.google.common.base.CharMatcher.lastIndexIn(Ljava/lang/CharSequence;)I @ 10 c2
Event: 14.908 Thread 0x0000021f57766760 DEOPT PACKING pc=0x0000021f421af250 sp=0x000000b6fc9fad60
Event: 14.908 Thread 0x0000021f57766760 DEOPT UNPACKING pc=0x0000021f419146a2 sp=0x000000b6fc9fad10 mode 2
Event: 14.971 Thread 0x0000021f57766760 DEOPT PACKING pc=0x0000021f3a88d896 sp=0x000000b6fc9faf50
Event: 14.971 Thread 0x0000021f57766760 DEOPT UNPACKING pc=0x0000021f41914e42 sp=0x000000b6fc9fa498 mode 0

Classes loaded (20 events):
Event: 13.647 Loading class java/io/DeleteOnExitHook
Event: 13.648 Loading class java/io/DeleteOnExitHook done
Event: 13.648 Loading class java/io/DeleteOnExitHook$1
Event: 13.648 Loading class java/io/DeleteOnExitHook$1 done
Event: 13.694 Loading class java/util/stream/DistinctOps
Event: 13.695 Loading class java/util/stream/DistinctOps done
Event: 13.695 Loading class java/util/stream/DistinctOps$1
Event: 13.695 Loading class java/util/stream/ReferencePipeline$StatefulOp
Event: 13.695 Loading class java/util/stream/ReferencePipeline$StatefulOp done
Event: 13.695 Loading class java/util/stream/DistinctOps$1 done
Event: 13.695 Loading class java/util/stream/DistinctOps$1$2
Event: 13.695 Loading class java/util/stream/DistinctOps$1$2 done
Event: 13.710 Loading class sun/reflect/ReflectionFactory
Event: 13.710 Loading class sun/reflect/ReflectionFactory done
Event: 13.710 Loading class sun/reflect/ReflectionFactory$1
Event: 13.711 Loading class sun/reflect/ReflectionFactory$1 done
Event: 13.785 Loading class java/util/zip/ZipFile$ZipEntryIterator
Event: 13.785 Loading class java/util/zip/ZipFile$ZipEntryIterator done
Event: 13.788 Loading class java/util/zip/ZipInputStream
Event: 13.788 Loading class java/util/zip/ZipInputStream done

Classes unloaded (5 events):
Event: 13.916 Thread 0x0000021f4e0a7040 Unloading class 0x000000010077c548 '_BuildScript_$_run_closure1'
Event: 13.916 Thread 0x0000021f4e0a7040 Unloading class 0x000000010077c000 '_BuildScript_'
Event: 14.438 Thread 0x0000021f4e0a7040 Unloading class 0x0000000100818948 '_BuildScript_$_run_closure1$_closure2'
Event: 14.438 Thread 0x0000021f4e0a7040 Unloading class 0x0000000100818548 '_BuildScript_$_run_closure1'
Event: 14.438 Thread 0x0000021f4e0a7040 Unloading class 0x0000000100818000 '_BuildScript_'

Classes redefined (0 events):
No events

Internal exceptions (20 events):
Event: 13.277 Thread 0x0000021f541cb390 Exception <a 'java/lang/NoSuchMethodError'{0x000000008620cb10}: 'java.lang.Object java.lang.invoke.Invokers$Holder.linkToTargetMethod(java.lang.Object, java.lang.Object, java.lang.Object, java.lang.Object, long, java.lang.Object)'> (0x000000008620cb10) 
thrown [s\src\hotspot\share\interpreter\linkResolver.cpp, line 784]
Event: 13.280 Thread 0x0000021f541cb390 Exception <a 'java/lang/NoSuchMethodError'{0x0000000086255880}: 'java.lang.Object java.lang.invoke.DirectMethodHandle$Holder.newInvokeSpecial(java.lang.Object, java.lang.Object, java.lang.Object, long)'> (0x0000000086255880) 
thrown [s\src\hotspot\share\interpreter\linkResolver.cpp, line 784]
Event: 13.281 Thread 0x0000021f541cb390 Exception <a 'java/lang/NoSuchMethodError'{0x000000008625a8f0}: 'java.lang.Object java.lang.invoke.DirectMethodHandle$Holder.invokeSpecial(java.lang.Object, java.lang.Object, java.lang.Object, java.lang.Object, long)'> (0x000000008625a8f0) 
thrown [s\src\hotspot\share\interpreter\linkResolver.cpp, line 784]
Event: 13.281 Thread 0x0000021f541cb390 Exception <a 'java/lang/NoSuchMethodError'{0x000000008625f010}: 'java.lang.Object java.lang.invoke.Invokers$Holder.linkToTargetMethod(java.lang.Object, java.lang.Object, long, java.lang.Object)'> (0x000000008625f010) 
thrown [s\src\hotspot\share\interpreter\linkResolver.cpp, line 784]
Event: 13.311 Thread 0x0000021f541cb390 Exception <a 'java/lang/NoSuchMethodError'{0x0000000086095f28}: 'java.lang.Object java.lang.invoke.DirectMethodHandle$Holder.newInvokeSpecial(java.lang.Object, java.lang.Object, java.lang.Object, java.lang.Object, java.lang.Object, java.lang.Object, java.lang.Object, java.lang.Object, java.lang.Object, java.lang.Object, java.lang.Object, java.lang.Object, java.lang.Object, java.lang.Object, java.lang.Object, java.lang.Object, java.lang.Object, java.lang.Object, java.lang.Object, java.lang.Object, java.lang
Event: 13.351 Thread 0x0000021f541cb390 Implicit null exception at 0x0000021f4206cf00 to 0x0000021f4206cfb4
Event: 13.367 Thread 0x0000021f541cb390 Exception <a 'java/lang/ClassNotFoundException'{0x0000000085c89c98}: org/gradle/api/internal/artifacts/dsl/dependencies/DefaultDependencyHandler_DecoratedBeanInfo> (0x0000000085c89c98) 
thrown [s\src\hotspot\share\classfile\systemDictionary.cpp, line 312]
Event: 13.367 Thread 0x0000021f541cb390 Exception <a 'java/lang/ClassNotFoundException'{0x0000000085c9f518}: org/gradle/api/internal/artifacts/dsl/dependencies/DefaultDependencyHandlerBeanInfo> (0x0000000085c9f518) 
thrown [s\src\hotspot\share\classfile\systemDictionary.cpp, line 312]
Event: 13.368 Thread 0x0000021f541cb390 Exception <a 'java/lang/ClassNotFoundException'{0x0000000085cb47f8}: org/gradle/api/internal/artifacts/dsl/dependencies/DefaultDependencyHandlerCustomizer> (0x0000000085cb47f8) 
thrown [s\src\hotspot\share\classfile\systemDictionary.cpp, line 312]
Event: 13.371 Thread 0x0000021f541cb390 Exception <a 'java/lang/ClassNotFoundException'{0x0000000085cfe108}: org/gradle/api/internal/artifacts/dsl/dependencies/DefaultDependencyHandler_DecoratedCustomizer> (0x0000000085cfe108) 
thrown [s\src\hotspot\share\classfile\systemDictionary.cpp, line 312]
Event: 13.373 Thread 0x0000021f541cb390 Exception <a 'java/lang/ClassNotFoundException'{0x0000000085b3eb90}: sync_studio_tooling_b4w6zvct6f1zj12pumj9hdhq7$_run_closure1BeanInfo> (0x0000000085b3eb90) 
thrown [s\src\hotspot\share\classfile\systemDictionary.cpp, line 312]
Event: 13.373 Thread 0x0000021f541cb390 Exception <a 'java/lang/ClassNotFoundException'{0x0000000085b460e0}: sync_studio_tooling_b4w6zvct6f1zj12pumj9hdhq7$_run_closure1Customizer> (0x0000000085b460e0) 
thrown [s\src\hotspot\share\classfile\systemDictionary.cpp, line 312]
Event: 13.412 Thread 0x0000021f541cb390 Exception <a 'java/lang/NoSuchMethodError'{0x0000000085818548}: 'java.lang.Object java.lang.invoke.DirectMethodHandle$Holder.newInvokeSpecial(java.lang.Object, int, java.lang.Object)'> (0x0000000085818548) 
thrown [s\src\hotspot\share\interpreter\linkResolver.cpp, line 784]
Event: 13.614 Thread 0x0000021f541cb390 Exception <a 'java/lang/NoSuchMethodError'{0x00000000852ef150}: 'java.lang.Object java.lang.invoke.DirectMethodHandle$Holder.invokeSpecial(java.lang.Object, java.lang.Object, long, java.lang.Object, java.lang.Object)'> (0x00000000852ef150) 
thrown [s\src\hotspot\share\interpreter\linkResolver.cpp, line 784]
Event: 13.690 Thread 0x0000021f541cb390 Exception <a 'java/lang/NoSuchMethodError'{0x0000000084e56ad0}: 'int java.lang.invoke.DirectMethodHandle$Holder.invokeInterface(java.lang.Object, java.lang.Object, java.lang.Object, java.lang.Object, java.lang.Object)'> (0x0000000084e56ad0) 
thrown [s\src\hotspot\share\interpreter\linkResolver.cpp, line 784]
Event: 13.691 Thread 0x0000021f541cb390 Exception <a 'java/lang/IncompatibleClassChangeError'{0x0000000084e60230}: Found class java.lang.Object, but interface was expected> (0x0000000084e60230) 
thrown [s\src\hotspot\share\interpreter\linkResolver.cpp, line 851]
Event: 13.714 Thread 0x0000021f541cb390 Exception <a 'java/lang/NoSuchMethodError'{0x0000000084d8f0a8}: 'java.lang.Object java.lang.invoke.DirectMethodHandle$Holder.newInvokeSpecial(java.lang.Object, java.lang.Object, java.lang.Object, java.lang.Object, int, java.lang.Object)'> (0x0000000084d8f0a8) 
thrown [s\src\hotspot\share\interpreter\linkResolver.cpp, line 784]
Event: 13.715 Thread 0x0000021f541cb390 Exception <a 'java/lang/NoSuchMethodError'{0x0000000084d979e8}: 'java.lang.Object java.lang.invoke.Invokers$Holder.linkToTargetMethod(java.lang.Object, java.lang.Object, java.lang.Object, int, java.lang.Object, java.lang.Object)'> (0x0000000084d979e8) 
thrown [s\src\hotspot\share\interpreter\linkResolver.cpp, line 784]
Event: 13.786 Thread 0x0000021f541cb390 Implicit null exception at 0x0000021f42084c6f to 0x0000021f42085874
Event: 14.721 Thread 0x0000021f541cb390 Exception <a 'java/lang/NoSuchMethodError'{0x00000000876f68c8}: 'java.lang.Object java.lang.invoke.DirectMethodHandle$Holder.invokeSpecialIFC(java.lang.Object, java.lang.Object, java.lang.Object)'> (0x00000000876f68c8) 
thrown [s\src\hotspot\share\interpreter\linkResolver.cpp, line 784]

ZGC Phase Switch (0 events):
No events

VM Operations (20 events):
Event: 13.863 Executing VM operation: G1CollectForAllocation (G1 Evacuation Pause) done
Event: 13.916 Executing VM operation: G1PauseRemark
Event: 13.922 Executing VM operation: G1PauseRemark done
Event: 13.943 Executing VM operation: G1PauseCleanup
Event: 13.944 Executing VM operation: G1PauseCleanup done
Event: 14.064 Executing VM operation: G1CollectForAllocation (G1 Evacuation Pause)
Event: 14.069 Executing VM operation: G1CollectForAllocation (G1 Evacuation Pause) done
Event: 14.237 Executing VM operation: G1CollectForAllocation (G1 Evacuation Pause)
Event: 14.243 Executing VM operation: G1CollectForAllocation (G1 Evacuation Pause) done
Event: 14.374 Executing VM operation: G1CollectForAllocation (G1 Evacuation Pause)
Event: 14.378 Executing VM operation: G1CollectForAllocation (G1 Evacuation Pause) done
Event: 14.438 Executing VM operation: G1PauseRemark
Event: 14.444 Executing VM operation: G1PauseRemark done
Event: 14.468 Executing VM operation: G1PauseCleanup
Event: 14.468 Executing VM operation: G1PauseCleanup done
Event: 14.620 Executing VM operation: G1CollectForAllocation (G1 Evacuation Pause)
Event: 14.627 Executing VM operation: G1CollectForAllocation (G1 Evacuation Pause) done
Event: 14.895 Executing VM operation: G1CollectForAllocation (G1 Evacuation Pause)
Event: 14.907 Executing VM operation: G1CollectForAllocation (G1 Evacuation Pause) done
Event: 14.981 Executing VM operation: G1CollectForAllocation (G1 Evacuation Pause)

Memory protections (0 events):
No events

Nmethod flushes (20 events):
Event: 14.443 Thread 0x0000021f4e0a7040 flushing  nmethod 0x0000021f3aae2e90
Event: 14.443 Thread 0x0000021f4e0a7040 flushing  nmethod 0x0000021f3aae4310
Event: 14.443 Thread 0x0000021f4e0a7040 flushing  nmethod 0x0000021f3aae5510
Event: 14.443 Thread 0x0000021f4e0a7040 flushing  nmethod 0x0000021f3aae6410
Event: 14.443 Thread 0x0000021f4e0a7040 flushing  nmethod 0x0000021f3aae8b10
Event: 14.443 Thread 0x0000021f4e0a7040 flushing  nmethod 0x0000021f3aae9590
Event: 14.443 Thread 0x0000021f4e0a7040 flushing  nmethod 0x0000021f3ab0cf10
Event: 14.443 Thread 0x0000021f4e0a7040 flushing  nmethod 0x0000021f3ab0d990
Event: 14.443 Thread 0x0000021f4e0a7040 flushing  nmethod 0x0000021f3ab0ea10
Event: 14.443 Thread 0x0000021f4e0a7040 flushing  nmethod 0x0000021f3ab0ed90
Event: 14.443 Thread 0x0000021f4e0a7040 flushing  nmethod 0x0000021f3ab0fd90
Event: 14.443 Thread 0x0000021f4e0a7040 flushing  nmethod 0x0000021f3ab10710
Event: 14.443 Thread 0x0000021f4e0a7040 flushing  nmethod 0x0000021f3ab10e90
Event: 14.443 Thread 0x0000021f4e0a7040 flushing  nmethod 0x0000021f3ab11a10
Event: 14.443 Thread 0x0000021f4e0a7040 flushing  nmethod 0x0000021f3ab1de90
Event: 14.443 Thread 0x0000021f4e0a7040 flushing  nmethod 0x0000021f3ab1e210
Event: 14.443 Thread 0x0000021f4e0a7040 flushing  nmethod 0x0000021f3abb9110
Event: 14.443 Thread 0x0000021f4e0a7040 flushing  nmethod 0x0000021f3abbfb90
Event: 14.443 Thread 0x0000021f4e0a7040 flushing  nmethod 0x0000021f3abeae10
Event: 14.443 Thread 0x0000021f4e0a7040 flushing  nmethod 0x0000021f3ac83010

Events (20 events):
Event: 4.184 Thread 0x0000021f541cb390 Thread added: 0x0000021f541ca670
Event: 4.224 Thread 0x0000021f541cb390 Thread added: 0x0000021f5775f7d0
Event: 4.416 Thread 0x0000021f541cb390 Thread added: 0x0000021f577604f0
Event: 4.421 Thread 0x0000021f541cb390 Thread added: 0x0000021f57765a40
Event: 4.741 Thread 0x0000021f53f38d00 Thread exited: 0x0000021f53f38d00
Event: 9.702 Thread 0x0000021f541cb390 Thread added: 0x0000021f57761f30
Event: 9.702 Thread 0x0000021f541cb390 Thread added: 0x0000021f57763970
Event: 9.703 Thread 0x0000021f541cb390 Thread added: 0x0000021f57761210
Event: 9.703 Thread 0x0000021f541cb390 Thread added: 0x0000021f57762c50
Event: 9.729 Thread 0x0000021f4e283710 Thread added: 0x0000021f55d2a2e0
Event: 10.437 Thread 0x0000021f541cb390 Thread added: 0x0000021f57764000
Event: 10.470 Thread 0x0000021f541cb390 Thread added: 0x0000021f57760b80
Event: 10.606 Thread 0x0000021f541cb390 Thread added: 0x0000021f577660d0
Event: 10.699 Thread 0x0000021f541cb390 Thread added: 0x0000021f5775fe60
Event: 12.097 Thread 0x0000021f55d2a2e0 Thread exited: 0x0000021f55d2a2e0
Event: 12.648 Thread 0x0000021f4e283710 Thread added: 0x0000021f57ad8f40
Event: 13.742 Thread 0x0000021f541cb390 Thread added: 0x0000021f577632e0
Event: 13.744 Thread 0x0000021f541cb390 Thread added: 0x0000021f577653b0
Event: 14.722 Thread 0x0000021f541cb390 Thread added: 0x0000021f57766760
Event: 14.722 Thread 0x0000021f541cb390 Thread added: 0x0000021f57766df0


Dynamic libraries:
0x00007ff733160000 - 0x00007ff73316a000 	D:\Programs\Android Studio\jbr\bin\java.exe
0x00007ff873cb0000 - 0x00007ff873ea8000 	C:\WINDOWS\SYSTEM32\ntdll.dll
0x00007ff872510000 - 0x00007ff8725d2000 	C:\WINDOWS\System32\KERNEL32.DLL
0x00007ff871810000 - 0x00007ff871b0f000 	C:\WINDOWS\System32\KERNELBASE.dll
0x00007ff86e910000 - 0x00007ff86e9a4000 	C:\WINDOWS\SYSTEM32\apphelp.dll
0x00007ff871350000 - 0x00007ff871450000 	C:\WINDOWS\System32\ucrtbase.dll
0x00007ff860900000 - 0x00007ff860918000 	D:\Programs\Android Studio\jbr\bin\jli.dll
0x00007ff86b160000 - 0x00007ff86b17b000 	D:\Programs\Android Studio\jbr\bin\VCRUNTIME140.dll
0x00007ff8728a0000 - 0x00007ff872a3d000 	C:\WINDOWS\System32\USER32.dll
0x00007ff871720000 - 0x00007ff871742000 	C:\WINDOWS\System32\win32u.dll
0x00007ff85c6b0000 - 0x00007ff85c94a000 	C:\WINDOWS\WinSxS\amd64_microsoft.windows.common-controls_6595b64144ccf1df_6.0.19041.4355_none_60b8b9eb71f62e16\COMCTL32.dll
0x00007ff8731b0000 - 0x00007ff8731db000 	C:\WINDOWS\System32\GDI32.dll
0x00007ff873850000 - 0x00007ff8738ee000 	C:\WINDOWS\System32\msvcrt.dll
0x00007ff871600000 - 0x00007ff87171a000 	C:\WINDOWS\System32\gdi32full.dll
0x00007ff871b10000 - 0x00007ff871bad000 	C:\WINDOWS\System32\msvcp_win.dll
0x00007ff873480000 - 0x00007ff8734af000 	C:\WINDOWS\System32\IMM32.DLL
0x00007ff86ce60000 - 0x00007ff86ce6c000 	D:\Programs\Android Studio\jbr\bin\vcruntime140_1.dll
0x00007ff82f100000 - 0x00007ff82f18d000 	D:\Programs\Android Studio\jbr\bin\msvcp140.dll
0x00007ff820df0000 - 0x00007ff821a7a000 	D:\Programs\Android Studio\jbr\bin\server\jvm.dll
0x00007ff8725e0000 - 0x00007ff87268f000 	C:\WINDOWS\System32\ADVAPI32.dll
0x00007ff873660000 - 0x00007ff8736ff000 	C:\WINDOWS\System32\sechost.dll
0x00007ff873530000 - 0x00007ff873653000 	C:\WINDOWS\System32\RPCRT4.dll
0x00007ff871750000 - 0x00007ff871777000 	C:\WINDOWS\System32\bcrypt.dll
0x00007ff8738f0000 - 0x00007ff87395b000 	C:\WINDOWS\System32\WS2_32.dll
0x00007ff8708a0000 - 0x00007ff8708eb000 	C:\WINDOWS\SYSTEM32\POWRPROF.dll
0x00007ff85f580000 - 0x00007ff85f5a7000 	C:\WINDOWS\SYSTEM32\WINMM.dll
0x00007ff869640000 - 0x00007ff86964a000 	C:\WINDOWS\SYSTEM32\VERSION.dll
0x00007ff870750000 - 0x00007ff870762000 	C:\WINDOWS\SYSTEM32\UMPDC.dll
0x00007ff86fb30000 - 0x00007ff86fb42000 	C:\WINDOWS\SYSTEM32\kernel.appcore.dll
0x00007ff86ab30000 - 0x00007ff86ab3a000 	D:\Programs\Android Studio\jbr\bin\jimage.dll
0x00007ff85efe0000 - 0x00007ff85f1c4000 	C:\WINDOWS\SYSTEM32\DBGHELP.DLL
0x00007ff842600000 - 0x00007ff842634000 	C:\WINDOWS\SYSTEM32\dbgcore.DLL
0x00007ff871780000 - 0x00007ff871802000 	C:\WINDOWS\System32\bcryptPrimitives.dll
0x00007ff860b20000 - 0x00007ff860b2e000 	D:\Programs\Android Studio\jbr\bin\instrument.dll
0x00007ff863000000 - 0x00007ff863020000 	D:\Programs\Android Studio\jbr\bin\java.dll
0x00007ff862600000 - 0x00007ff862618000 	D:\Programs\Android Studio\jbr\bin\zip.dll
0x00007ff872a40000 - 0x00007ff8731ad000 	C:\WINDOWS\System32\SHELL32.dll
0x00007ff86f370000 - 0x00007ff86fb14000 	C:\WINDOWS\SYSTEM32\windows.storage.dll
0x00007ff871cd0000 - 0x00007ff872025000 	C:\WINDOWS\System32\combase.dll
0x00007ff870d80000 - 0x00007ff870daf000 	C:\WINDOWS\SYSTEM32\Wldp.dll
0x00007ff873710000 - 0x00007ff8737dd000 	C:\WINDOWS\System32\OLEAUT32.dll
0x00007ff873bc0000 - 0x00007ff873c6d000 	C:\WINDOWS\System32\SHCORE.dll
0x00007ff872840000 - 0x00007ff872895000 	C:\WINDOWS\System32\shlwapi.dll
0x00007ff871280000 - 0x00007ff8712a4000 	C:\WINDOWS\SYSTEM32\profapi.dll
0x00007ff869270000 - 0x00007ff869280000 	D:\Programs\Android Studio\jbr\bin\net.dll
0x00007ff868270000 - 0x00007ff86837a000 	C:\WINDOWS\SYSTEM32\WINHTTP.dll
0x00007ff870a90000 - 0x00007ff870afc000 	C:\WINDOWS\system32\mswsock.dll
0x00007ff862580000 - 0x00007ff862596000 	D:\Programs\Android Studio\jbr\bin\nio.dll
0x00007ff860a90000 - 0x00007ff860aa0000 	D:\Programs\Android Studio\jbr\bin\verify.dll
0x00007ff853320000 - 0x00007ff853347000 	C:\Users\HDMI\.gradle\native\c067742578af261105cb4f569cf0c3c89f3d7b1fecec35dd04571415982c5e48\windows-amd64\native-platform.dll
0x00007ff821c80000 - 0x00007ff821dc4000 	C:\Users\HDMI\.gradle\native\100fb08df4bc3b14c8652ba06237920a3bd2aa13389f12d3474272988ae205f9\windows-amd64\native-platform-file-events.dll
0x00007ff863ce0000 - 0x00007ff863ce9000 	D:\Programs\Android Studio\jbr\bin\management.dll
0x00007ff862200000 - 0x00007ff86220b000 	D:\Programs\Android Studio\jbr\bin\management_ext.dll
0x00007ff873700000 - 0x00007ff873708000 	C:\WINDOWS\System32\PSAPI.DLL
0x00007ff870c50000 - 0x00007ff870c68000 	C:\WINDOWS\SYSTEM32\CRYPTSP.dll
0x00007ff8702f0000 - 0x00007ff870324000 	C:\WINDOWS\system32\rsaenh.dll
0x00007ff871240000 - 0x00007ff87126e000 	C:\WINDOWS\SYSTEM32\USERENV.dll
0x00007ff870c40000 - 0x00007ff870c4c000 	C:\WINDOWS\SYSTEM32\CRYPTBASE.dll
0x00007ff870710000 - 0x00007ff87074b000 	C:\WINDOWS\SYSTEM32\IPHLPAPI.DLL
0x00007ff8737e0000 - 0x00007ff8737e8000 	C:\WINDOWS\System32\NSI.dll
0x00007ff86cf10000 - 0x00007ff86cf19000 	D:\Programs\Android Studio\jbr\bin\extnet.dll
0x00007ff860a80000 - 0x00007ff860a87000 	C:\WINDOWS\system32\wshunix.dll

dbghelp: loaded successfully - version: 4.0.5 - missing functions: none
symbol engine: initialized successfully - sym options: 0x614 - pdb path: .;D:\Programs\Android Studio\jbr\bin;C:\WINDOWS\SYSTEM32;C:\WINDOWS\WinSxS\amd64_microsoft.windows.common-controls_6595b64144ccf1df_6.0.19041.4355_none_60b8b9eb71f62e16;D:\Programs\Android Studio\jbr\bin\server;C:\Users\HDMI\.gradle\native\c067742578af261105cb4f569cf0c3c89f3d7b1fecec35dd04571415982c5e48\windows-amd64;C:\Users\HDMI\.gradle\native\100fb08df4bc3b14c8652ba06237920a3bd2aa13389f12d3474272988ae205f9\windows-amd64

VM Arguments:
jvm_args: --add-opens=java.base/java.util=ALL-UNNAMED --add-opens=java.base/java.lang=ALL-UNNAMED --add-opens=java.base/java.lang.invoke=ALL-UNNAMED --add-opens=java.prefs/java.util.prefs=ALL-UNNAMED --add-exports=jdk.compiler/com.sun.tools.javac.api=ALL-UNNAMED --add-exports=jdk.compiler/com.sun.tools.javac.util=ALL-UNNAMED --add-opens=java.base/java.nio.charset=ALL-UNNAMED --add-opens=java.base/java.net=ALL-UNNAMED --add-opens=java.base/java.util.concurrent.atomic=ALL-UNNAMED -Xmx2048m -Dfile.encoding=UTF-8 -Duser.country=RU -Duser.language=ru -Duser.variant -javaagent:C:\Users\HDMI\.gradle\wrapper\dists\gradle-8.10.2-bin\a04bxjujx95o3nb99gddekhwo\gradle-8.10.2\lib\agents\gradle-instrumentation-agent-8.10.2.jar 
java_command: org.gradle.launcher.daemon.bootstrap.GradleDaemon 8.10.2
java_class_path (initial): C:\Users\HDMI\.gradle\wrapper\dists\gradle-8.10.2-bin\a04bxjujx95o3nb99gddekhwo\gradle-8.10.2\lib\gradle-daemon-main-8.10.2.jar
Launcher Type: SUN_STANDARD

[Global flags]
     intx CICompilerCount                          = 3                                         {product} {ergonomic}
     uint ConcGCThreads                            = 1                                         {product} {ergonomic}
     uint G1ConcRefinementThreads                  = 4                                         {product} {ergonomic}
   size_t G1HeapRegionSize                         = 1048576                                   {product} {ergonomic}
    uintx GCDrainStackTargetSize                   = 64                                        {product} {ergonomic}
   size_t InitialHeapSize                          = 134217728                                 {product} {ergonomic}
   size_t MarkStackSize                            = 4194304                                   {product} {ergonomic}
   size_t MaxHeapSize                              = 2147483648                                {product} {command line}
   size_t MaxNewSize                               = 1287651328                                {product} {ergonomic}
   size_t MinHeapDeltaBytes                        = 1048576                                   {product} {ergonomic}
   size_t MinHeapSize                              = 8388608                                   {product} {ergonomic}
    uintx NonNMethodCodeHeapSize                   = 5832780                                {pd product} {ergonomic}
    uintx NonProfiledCodeHeapSize                  = 122912730                              {pd product} {ergonomic}
    uintx ProfiledCodeHeapSize                     = 122912730                              {pd product} {ergonomic}
    uintx ReservedCodeCacheSize                    = 251658240                              {pd product} {ergonomic}
     bool SegmentedCodeCache                       = true                                      {product} {ergonomic}
   size_t SoftMaxHeapSize                          = 2147483648                             {manageable} {ergonomic}
     bool UseCompressedOops                        = true                           {product lp64_product} {ergonomic}
     bool UseG1GC                                  = true                                      {product} {ergonomic}
     bool UseLargePagesIndividualAllocation        = false                                  {pd product} {ergonomic}

Logging:
Log output configuration:
 #0: stdout all=warning uptime,level,tags foldmultilines=false
 #1: stderr all=off uptime,level,tags foldmultilines=false

Environment Variables:
JAVA_HOME=C:\Program Files\Java\jdk-11
PATH=C:\Program Files (x86)\Common Files\Intel\Shared Libraries\redist\intel64_win\compiler;C:\Program Files (x86)\Common Files\Oracle\Java\javapath;C:\Program Files (x86)\Common Files\Intel\Shared Libraries\redist\intel64\compiler;C:\Program Files (x86)\Intel\iCLS Client\;C:\Program Files\Intel\iCLS Client\;C:\Windows\system32;C:\Windows;C:\Windows\System32\Wbem;C:\Windows\System32\WindowsPowerShell\v1.0\;C:\Program Files (x86)\Intel\Intel(R) Management Engine Components\DAL;C:\Program Files\Intel\Intel(R) Management Engine Components\DAL;C:\Program Files (x86)\Intel\Intel(R) Management Engine Components\IPT;C:\Program Files\Intel\Intel(R) Management Engine Components\IPT;C:\Program Files\Intel\WiFi\bin\;C:\Program Files\Common Files\Intel\WirelessCommon\;C:\WINDOWS\system32;C:\WINDOWS;C:\WINDOWS\System32\Wbem;C:\WINDOWS\System32\WindowsPowerShell\v1.0\;C:\WINDOWS\System32\OpenSSH\;C:\Program Files\NVIDIA Corporation\NVIDIA NvDLISR;C:\WINDOWS\system32;C:\WINDOWS;C:\WINDOWS\System32\Wbem;C:\WINDOWS\System32\WindowsPowerShell\v1.0\;C:\WINDOWS\System32\OpenSSH\;C:\Program Files\Microsoft SQL Server\130\Tools\Binn\;C:\Program Files\dotnet\;C:\Program Files (x86)\dotnet\;C:\Program Files\Java\jdk-11\bin;C:\Program Files\Git\cmd;D:\CoIDE\gcc\Sourcery G++ Lite\bin;C:\Program Files (x86)\Windows Kits\8.1\Windows Performance Toolkit\;D:\MATLAB\bin;C:\Users\HDMI\AppData\Local\Microsoft\WindowsApps;C:\Users\HDMI\.dotnet\tools;D:\Microsoft VS Code\bin;C:\Program Files\Java\jdk-11\bin;D:\\IntelliJ IDEA Community Edition 2024.1.4\bin;;C:\Users\HDMI\AppData\Local\GitHubDesktop\bin;C:\platform-tools;
USERNAME=HDMI
OS=Windows_NT
PROCESSOR_IDENTIFIER=Intel64 Family 6 Model 158 Stepping 9, GenuineIntel
TMP=C:\Users\HDMI\AppData\Local\Temp
TEMP=C:\Users\HDMI\AppData\Local\Temp




Periodic native trim disabled

JNI global refs:
JNI global refs: 28, weak refs: 21

JNI global refs memory usage: 835, weak refs: 833

Process memory usage:
Resident Set Size: 313604K (3% of 8306720K total physical memory with 481088K free physical memory)

OOME stack traces (most recent first):
Classloader memory used:
Loader org.gradle.internal.classloader.VisitableURLClassLoader                         : 32050K
Loader bootstrap                                                                       : 22441K
Loader org.gradle.initialization.MixInLegacyTypesClassLoader                           : 6413K
Loader org.gradle.internal.classloader.VisitableURLClassLoader                         : 701K
Loader jdk.internal.loader.ClassLoaders$PlatformClassLoader                            : 530K
Loader jdk.internal.loader.ClassLoaders$AppClassLoader                                 : 234K
Loader jdk.internal.reflect.DelegatingClassLoader                                      : 153K
Loader org.gradle.groovy.scripts.internal.DefaultScriptCompilationHandler$ScriptClassLoader: 35832B
Loader org.codehaus.groovy.runtime.callsite.CallSiteClassLoader                        : 7168B

Classes loaded by more than one classloader:
Class org.gradle.api.GradleException                                                  : loaded 3 times (x 78B)
Class org.gradle.internal.classloader.ClassLoaderHierarchy                            : loaded 2 times (x 66B)
Class org.gradle.api.internal.classpath.ManifestUtil                                  : loaded 2 times (x 67B)
Class org.gradle.internal.operations.MultipleBuildOperationFailures                   : loaded 2 times (x 91B)
Class org.gradle.internal.classloader.DefaultClassLoaderFactory                       : loaded 2 times (x 78B)
Class kotlin.collections.AbstractList$Companion                                       : loaded 2 times (x 67B)
Class org.gradle.internal.classloader.ClassLoaderVisitor                              : loaded 2 times (x 72B)
Class org.gradle.api.internal.classpath.EffectiveClassPath                            : loaded 2 times (x 86B)
Class org.gradle.api.internal.DefaultClassPathProvider                                : loaded 2 times (x 72B)
Class [Lorg.gradle.api.internal.ClassPathProvider;                                    : loaded 2 times (x 65B)
Class org.gradle.api.internal.ClassPathProvider                                       : loaded 2 times (x 66B)
Class org.gradle.internal.service.UnknownServiceException                             : loaded 2 times (x 79B)
Class org.gradle.internal.classpath.TransformedClassPath                              : loaded 2 times (x 92B)
Class org.gradle.internal.classloader.InstrumentingClassLoader                        : loaded 2 times (x 66B)
Class kotlin.enums.EnumEntriesList                                                    : loaded 2 times (x 219B)
Class org.gradle.internal.service.ServiceLocator                                      : loaded 2 times (x 66B)
Class org.gradle.internal.InternalTransformer                                         : loaded 2 times (x 66B)
Class org.gradle.internal.time.DefaultTimer                                           : loaded 2 times (x 76B)
Class org.gradle.internal.classloader.ClasspathUtil$1                                 : loaded 2 times (x 72B)
Class org.gradle.api.internal.classpath.DefaultModuleRegistry$DefaultModule           : loaded 2 times (x 82B)
Class org.gradle.internal.time.DefaultCountdownTimer                                  : loaded 2 times (x 84B)
Class kotlin.Function                                                                 : loaded 2 times (x 66B)
Class org.gradle.api.internal.classpath.Module                                        : loaded 2 times (x 66B)
Class org.gradle.api.internal.classpath.UnknownModuleException                        : loaded 2 times (x 78B)
Class org.gradle.api.internal.DefaultClassPathRegistry                                : loaded 2 times (x 72B)
Class org.gradle.api.internal.ClassPathRegistry                                       : loaded 2 times (x 66B)
Class org.gradle.internal.classpath.DefaultClassPath$ImmutableUniqueList              : loaded 2 times (x 195B)
Class org.gradle.internal.classpath.ClassPath                                         : loaded 2 times (x 66B)
Class org.gradle.api.UncheckedIOException                                             : loaded 2 times (x 78B)
Class kotlin.UninitializedPropertyAccessException                                     : loaded 2 times (x 78B)
Class org.gradle.internal.installation.GradleInstallation$1                           : loaded 2 times (x 71B)
Class org.gradle.api.internal.classpath.ModuleRegistry                                : loaded 2 times (x 66B)
Class org.gradle.api.internal.classpath.DefaultModuleRegistry                         : loaded 2 times (x 82B)
Class org.gradle.internal.time.MonotonicClock                                         : loaded 2 times (x 73B)
Class org.gradle.internal.service.ServiceLookupException                              : loaded 2 times (x 78B)
Class org.gradle.internal.classloader.ClassLoaderFactory                              : loaded 2 times (x 66B)
Class org.gradle.internal.service.CachingServiceLocator                               : loaded 2 times (x 78B)
Class org.gradle.internal.time.TimeSource                                             : loaded 2 times (x 66B)
Class kotlin.enums.EnumEntries                                                        : loaded 2 times (x 66B)
Class org.gradle.internal.exceptions.ResolutionProvider                               : loaded 2 times (x 66B)
Class org.gradle.internal.classloader.ClasspathUtil                                   : loaded 2 times (x 67B)
Class org.gradle.internal.time.TimeSource$1                                           : loaded 2 times (x 73B)
Class org.gradle.api.specs.Spec                                                       : loaded 2 times (x 66B)
Class org.gradle.internal.time.Clock                                                  : loaded 2 times (x 66B)
Class kotlin.collections.AbstractList                                                 : loaded 2 times (x 193B)
Class kotlin.collections.AbstractCollection                                           : loaded 2 times (x 113B)
Class org.gradle.internal.classloader.VisitableURLClassLoader$InstrumentingVisitableURLClassLoader: loaded 2 times (x 119B)
Class org.gradle.internal.classloader.VisitableURLClassLoader$Spec                    : loaded 2 times (x 70B)
Class org.gradle.internal.classpath.DefaultClassPath                                  : loaded 2 times (x 86B)
Class org.gradle.internal.classloader.ClassLoaderSpec                                 : loaded 2 times (x 67B)
Class org.gradle.internal.classloader.VisitableURLClassLoader                         : loaded 2 times (x 113B)
Class org.gradle.internal.Cast                                                        : loaded 2 times (x 67B)
Class org.gradle.api.Action                                                           : loaded 2 times (x 66B)
Class org.gradle.internal.classpath.DefaultClassPath$ImmutableUniqueList$Builder      : loaded 2 times (x 71B)
Class org.gradle.internal.classloader.FilteringClassLoader                            : loaded 2 times (x 101B)
Class org.gradle.internal.exceptions.NonGradleCauseExceptionsHolder                   : loaded 2 times (x 66B)
Class kotlin.enums.EnumEntriesKt                                                      : loaded 2 times (x 67B)
Class org.gradle.internal.IoActions                                                   : loaded 2 times (x 67B)
Class org.gradle.internal.classloader.SystemClassLoaderSpec                           : loaded 2 times (x 67B)
Class org.gradle.internal.exceptions.MultiCauseException                              : loaded 2 times (x 66B)
Class org.gradle.internal.time.CountdownTimer                                         : loaded 2 times (x 66B)
Class kotlin.jvm.internal.Intrinsics                                                  : loaded 2 times (x 67B)
Class org.gradle.tooling.model.ProjectModel                                           : loaded 2 times (x 66B)
Class kotlin.KotlinNullPointerException                                               : loaded 2 times (x 79B)
Class org.gradle.internal.exceptions.DefaultMultiCauseException                       : loaded 2 times (x 91B)
Class org.gradle.internal.time.Time                                                   : loaded 2 times (x 67B)
Class org.gradle.api.internal.classpath.GlobalCacheRootsProvider                      : loaded 2 times (x 66B)
Class org.gradle.internal.time.Timer                                                  : loaded 2 times (x 66B)
Class kotlin.jvm.internal.markers.KMappedMarker                                       : loaded 2 times (x 66B)
Class org.gradle.internal.installation.CurrentGradleInstallationLocator               : loaded 2 times (x 67B)
Class org.gradle.internal.service.DefaultServiceLocator                               : loaded 2 times (x 79B)
Class org.gradle.util.GradleVersion                                                   : loaded 2 times (x 79B)
Class org.gradle.internal.installation.CurrentGradleInstallation                      : loaded 2 times (x 69B)
Class org.gradle.util.internal.GUtil                                                  : loaded 2 times (x 67B)
Class org.gradle.internal.installation.GradleInstallation                             : loaded 2 times (x 71B)

---------------  S Y S T E M  ---------------

OS:
 Windows 10 , 64 bit Build 19041 (10.0.19041.5438)
OS uptime: 11 days 4:42 hours
Hyper-V role detected

CPU: total 4 (initial active 4) (4 cores per cpu, 1 threads per core) family 6 model 158 stepping 9 microcode 0xb4, cx8, cmov, fxsr, mmx, 3dnowpref, sse, sse2, sse3, ssse3, sse4.1, sse4.2, popcnt, lzcnt, tsc, tscinvbit, avx, avx2, aes, erms, clmul, bmi1, bmi2, adx, fma, vzeroupper, clflush, clflushopt, hv, rdtscp, f16c
Processor Information for all 4 processors :
  Max Mhz: 2501, Current Mhz: 2501, Mhz Limit: 2501

Memory: 4k page, system-wide physical 8112M (469M free)
TotalPageFile size 25978M (AvailPageFile size 22M)
current process WorkingSet (physical memory assigned to process): 306M, peak: 311M
current process commit charge ("private bytes"): 333M, peak: 352M

vm_info: OpenJDK 64-Bit Server VM (21.0.5+-13047016-b750.29) for windows-amd64 JRE (21.0.5+-13047016-b750.29), built on 2025-02-11T21:12:39Z by "builder" with MS VC++ 16.10 / 16.11 (VS2019)

END.
